2023-10-13T19:41:21.495-03:00  INFO 6124 --- [restartedMain] com.ucu.topicos.TopicosApplication       : Starting TopicosApplication using Java 17.0.8.1 with PID 6124 (C:\Users\nico\Desktop\Github\topicos-g5-backend\target\classes started by nico in C:\Users\nico\Desktop\Github\topicos-g5-backend)
2023-10-13T19:41:21.496-03:00  INFO 6124 --- [restartedMain] com.ucu.topicos.TopicosApplication       : The following 1 profile is active: "development"
2023-10-13T19:41:21.527-03:00  INFO 6124 --- [restartedMain] .e.DevToolsPropertyDefaultsPostProcessor : Devtools property defaults active! Set 'spring.devtools.add-properties' to 'false' to disable
2023-10-13T19:41:21.527-03:00  INFO 6124 --- [restartedMain] .e.DevToolsPropertyDefaultsPostProcessor : For additional web related logging consider setting the 'logging.level.web' property to 'DEBUG'
2023-10-13T19:41:21.914-03:00  INFO 6124 --- [restartedMain] .s.d.r.c.RepositoryConfigurationDelegate : Bootstrapping Spring Data JPA repositories in DEFAULT mode.
2023-10-13T19:41:21.927-03:00  INFO 6124 --- [restartedMain] .s.d.r.c.RepositoryConfigurationDelegate : Finished Spring Data repository scanning in 9 ms. Found 0 JPA repository interfaces.
2023-10-13T19:41:22.287-03:00  INFO 6124 --- [restartedMain] o.s.b.w.embedded.tomcat.TomcatWebServer  : Tomcat initialized with port(s): 8080 (http)
2023-10-13T19:41:22.294-03:00  INFO 6124 --- [restartedMain] o.apache.catalina.core.StandardService   : Starting service [Tomcat]
2023-10-13T19:41:22.294-03:00  INFO 6124 --- [restartedMain] o.apache.catalina.core.StandardEngine    : Starting Servlet engine: [Apache Tomcat/10.1.13]
2023-10-13T19:41:22.342-03:00  INFO 6124 --- [restartedMain] o.a.c.c.C.[Tomcat].[localhost].[/]       : Initializing Spring embedded WebApplicationContext
2023-10-13T19:41:22.342-03:00  INFO 6124 --- [restartedMain] w.s.c.ServletWebServerApplicationContext : Root WebApplicationContext: initialization completed in 814 ms
2023-10-13T19:41:22.381-03:00  WARN 6124 --- [restartedMain] ConfigServletWebServerApplicationContext : Exception encountered during context initialization - cancelling refresh attempt: org.springframework.beans.factory.UnsatisfiedDependencyException: Error creating bean with name 'dataSourceScriptDatabaseInitializer' defined in class path resource [org/springframework/boot/autoconfigure/sql/init/DataSourceInitializationConfiguration.class]: Unsatisfied dependency expressed through method 'dataSourceScriptDatabaseInitializer' parameter 0: Error creating bean with name 'dataSource' defined in class path resource [org/springframework/boot/autoconfigure/jdbc/DataSourceConfiguration$Hikari.class]: Failed to instantiate [com.zaxxer.hikari.HikariDataSource]: Factory method 'dataSource' threw exception with message: Failed to determine a suitable driver class
2023-10-13T19:41:22.383-03:00  INFO 6124 --- [restartedMain] o.apache.catalina.core.StandardService   : Stopping service [Tomcat]
2023-10-13T19:41:22.394-03:00  INFO 6124 --- [restartedMain] .s.b.a.l.ConditionEvaluationReportLogger : 

Error starting ApplicationContext. To display the condition evaluation report re-run your application with 'debug' enabled.
2023-10-13T19:41:22.409-03:00 ERROR 6124 --- [restartedMain] o.s.b.d.LoggingFailureAnalysisReporter   : 

***************************
APPLICATION FAILED TO START
***************************

Description:

Failed to configure a DataSource: 'url' attribute is not specified and no embedded datasource could be configured.

Reason: Failed to determine a suitable driver class


Action:

Consider the following:
	If you want an embedded database (H2, HSQL or Derby), please put it on the classpath.
	If you have database settings to be loaded from a particular profile you may need to activate it (the profiles development are currently active).

2023-10-13T19:42:00.530-03:00  INFO 10612 --- [restartedMain] com.ucu.topicos.TopicosApplication       : Starting TopicosApplication using Java 17.0.8.1 with PID 10612 (C:\Users\nico\Desktop\Github\topicos-g5-backend\target\classes started by nico in C:\Users\nico\Desktop\Github\topicos-g5-backend)
2023-10-13T19:42:00.531-03:00  INFO 10612 --- [restartedMain] com.ucu.topicos.TopicosApplication       : The following 1 profile is active: "development"
2023-10-13T19:42:00.562-03:00  INFO 10612 --- [restartedMain] .e.DevToolsPropertyDefaultsPostProcessor : Devtools property defaults active! Set 'spring.devtools.add-properties' to 'false' to disable
2023-10-13T19:42:00.562-03:00  INFO 10612 --- [restartedMain] .e.DevToolsPropertyDefaultsPostProcessor : For additional web related logging consider setting the 'logging.level.web' property to 'DEBUG'
2023-10-13T19:42:01.237-03:00  INFO 10612 --- [restartedMain] o.s.b.w.embedded.tomcat.TomcatWebServer  : Tomcat initialized with port(s): 8080 (http)
2023-10-13T19:42:01.244-03:00  INFO 10612 --- [restartedMain] o.apache.catalina.core.StandardService   : Starting service [Tomcat]
2023-10-13T19:42:01.245-03:00  INFO 10612 --- [restartedMain] o.apache.catalina.core.StandardEngine    : Starting Servlet engine: [Apache Tomcat/10.1.13]
2023-10-13T19:42:01.293-03:00  INFO 10612 --- [restartedMain] o.a.c.c.C.[Tomcat].[localhost].[/]       : Initializing Spring embedded WebApplicationContext
2023-10-13T19:42:01.293-03:00  INFO 10612 --- [restartedMain] w.s.c.ServletWebServerApplicationContext : Root WebApplicationContext: initialization completed in 730 ms
2023-10-13T19:42:01.563-03:00  INFO 10612 --- [restartedMain] o.s.b.d.a.OptionalLiveReloadServer       : LiveReload server is running on port 35729
2023-10-13T19:42:01.589-03:00  INFO 10612 --- [restartedMain] o.s.b.w.embedded.tomcat.TomcatWebServer  : Tomcat started on port(s): 8080 (http) with context path ''
2023-10-13T19:42:01.595-03:00  INFO 10612 --- [restartedMain] com.ucu.topicos.TopicosApplication       : Started TopicosApplication in 1.346 seconds (process running for 1.795)
